[debug] [2020-12-12T10:52:32.599Z] ----------------------------------------------------------------------
[debug] [2020-12-12T10:52:32.601Z] Command:       C:\Program Files\nodejs\node.exe C:\Users\User\AppData\Roaming\npm\node_modules\firebase-tools\lib\bin\firebase.js init
[debug] [2020-12-12T10:52:32.601Z] CLI Version:   8.17.0
[debug] [2020-12-12T10:52:32.601Z] Platform:      win32
[debug] [2020-12-12T10:52:32.602Z] Node Version:  v14.15.1
[debug] [2020-12-12T10:52:32.603Z] Time:          Sat Dec 12 2020 16:22:32 GMT+0530 (India Standard Time)
[debug] [2020-12-12T10:52:32.603Z] ----------------------------------------------------------------------
[debug] [2020-12-12T10:52:32.603Z] 
[debug] [2020-12-12T10:52:32.614Z] >>> [apiv2][query] GET https://firebase-public.firebaseio.com/cli.json [none]
[debug] [2020-12-12T10:52:32.686Z] > command requires scopes: ["email","openid","https://www.googleapis.com/auth/cloudplatformprojects.readonly","https://www.googleapis.com/auth/firebase","https://www.googleapis.com/auth/cloud-platform"]
[debug] [2020-12-12T10:52:32.687Z] > authorizing via signed-in user
[info] 
     ######## #### ########  ######## ########     ###     ######  ########
     ##        ##  ##     ## ##       ##     ##  ##   ##  ##       ##
     ######    ##  ########  ######   ########  #########  ######  ######
     ##        ##  ##    ##  ##       ##     ## ##     ##       ## ##
     ##       #### ##     ## ######## ########  ##     ##  ######  ########

You're about to initialize a Firebase project in this directory:

  C:\Users\User\Desktop\Robinhood Clone\robinhood

[debug] [2020-12-12T10:52:33.614Z] <<< [apiv2][status] GET https://firebase-public.firebaseio.com/cli.json 200
[debug] [2020-12-12T10:52:33.614Z] <<< [apiv2][body] GET https://firebase-public.firebaseio.com/cli.json {"cloudBuildErrorAfter":1594252800000,"cloudBuildWarnAfter":1590019200000,"defaultNode10After":1594252800000,"minVersion":"3.0.5","node8DeploysDisabledAfter":1613390400000,"node8RuntimeDisabledAfter":1615809600000,"node8WarnAfter":1600128000000}
